<?xml version="1.0" encoding="UTF-8"?>
<!-- Generated by org.testng.reporters.JUnitReportReporter -->
<testsuite hostname="PC-20150729A23" name="logo.test.AutoLoginTest" tests="1" failures="0" timestamp="15 Aug 2016 08:34:42 GMT" time="80.080" errors="0">
  <testcase name="My_Login_001" time="80.080" classname="logo.test.AutoLoginTest"/>
</testsuite> <!-- logo.test.AutoLoginTest -->
