<?xml version="1.0" encoding="UTF-8"?>
<!-- Generated by org.testng.reporters.JUnitReportReporter -->
<testsuite hostname="SeanYan-Machine" name="logo.test.AutoLoginTest" tests="1" failures="0" timestamp="2 Dec 2018 14:58:59 GMT" time="56.430" errors="0">
  <testcase name="My_Login_001" time="56.430" classname="logo.test.AutoLoginTest"/>
</testsuite> <!-- logo.test.AutoLoginTest -->
